<?xml version="1.0" encoding="UTF-8"?>
<testng-results ignored="0" total="1" passed="1" failed="0" skipped="0">
  <reporter-output>
  </reporter-output>
  <suite started-at="2022-10-15T21:08:33 IST" name="Surefire suite" finished-at="2022-10-15T21:08:33 IST" duration-ms="149">
    <groups>
    </groups>
    <test started-at="2022-10-15T21:08:33 IST" name="Surefire test" finished-at="2022-10-15T21:08:33 IST" duration-ms="149">
      <class name="com.example.AppTest">
        <test-method signature="test1()[pri:0, instance:com.example.AppTest@8deb645]" started-at="2022-10-15T21:08:33 IST" name="test1" finished-at="2022-10-15T21:08:33 IST" duration-ms="39" status="PASS">
          <reporter-output>
          </reporter-output>
        </test-method> <!-- test1 -->
      </class> <!-- com.example.AppTest -->
    </test> <!-- Surefire test -->
  </suite> <!-- Surefire suite -->
</testng-results>
